Flow report for drum_machine
Tue Nov 07 18:37:22 2017
Quartus II 64-Bit Version 13.0.0 Build 156 04/24/2013 SJ Full Version


---------------------
; Table of Contents ;
---------------------
  1. Legal Notice
  2. Flow Summary
  3. Flow Settings
  4. Flow Non-Default Global Settings
  5. Flow Elapsed Time
  6. Flow OS Summary
  7. Flow Log
  8. Flow Messages
  9. Flow Suppressed Messages



----------------
; Legal Notice ;
----------------
Copyright (C) 1991-2013 Altera Corporation
Your use of Altera Corporation's design tools, logic functions 
and other software and tools, and its AMPP partner logic 
functions, and any output files from any of the foregoing 
(including device programming or simulation files), and any 
associated documentation or information are expressly subject 
to the terms and conditions of the Altera Program License 
Subscription Agreement, Altera MegaCore Function License 
Agreement, or other applicable license agreement, including, 
without limitation, that your use is for the sole purpose of 
programming logic devices manufactured by Altera and sold by 
Altera or its authorized distributors.  Please refer to the 
applicable agreement for further details.



+----------------------------------------------------------------------------------+
; Flow Summary                                                                     ;
+------------------------------------+---------------------------------------------+
; Flow Status                        ; Successful - Tue Nov 07 18:37:22 2017       ;
; Quartus II 64-Bit Version          ; 13.0.0 Build 156 04/24/2013 SJ Full Version ;
; Revision Name                      ; drum_machine                                ;
; Top-level Entity Name              ; main_small                                  ;
; Family                             ; Cyclone II                                  ;
; Device                             ; EP2C35F672C6                                ;
; Timing Models                      ; Final                                       ;
; Total logic elements               ; 359 / 33,216 ( 1 % )                        ;
;     Total combinational functions  ; 355 / 33,216 ( 1 % )                        ;
;     Dedicated logic registers      ; 159 / 33,216 ( < 1 % )                      ;
; Total registers                    ; 159                                         ;
; Total pins                         ; 9 / 475 ( 2 % )                             ;
; Total virtual pins                 ; 0                                           ;
; Total memory bits                  ; 300,600 / 483,840 ( 62 % )                  ;
; Embedded Multiplier 9-bit elements ; 0 / 70 ( 0 % )                              ;
; Total PLLs                         ; 1 / 4 ( 25 % )                              ;
+------------------------------------+---------------------------------------------+


+-----------------------------------------+
; Flow Settings                           ;
+-------------------+---------------------+
; Option            ; Setting             ;
+-------------------+---------------------+
; Start date & time ; 11/07/2017 18:37:05 ;
; Main task         ; Compilation         ;
; Revision Name     ; drum_machine        ;
+-------------------+---------------------+


+------------------------------------------------------------------------------------------------------------------------------------+
; Flow Non-Default Global Settings                                                                                                   ;
+--------------------------------------+-------------------------------------------+---------------+-------------+-------------------+
; Assignment Name                      ; Value                                     ; Default Value ; Entity Name ; Section Id        ;
+--------------------------------------+-------------------------------------------+---------------+-------------+-------------------+
; COMPILER_SIGNATURE_ID                ; 176831339429143.151007622404584           ; --            ; --          ; --                ;
; EDA_DESIGN_INSTANCE_NAME             ; i1                                        ; --            ; --          ; bpm_clock_vhd_tst ;
; EDA_NATIVELINK_SIMULATION_TEST_BENCH ; bpm_clock_vhd_tst                         ; --            ; --          ; eda_simulation    ;
; EDA_OUTPUT_DATA_FORMAT               ; Vhdl                                      ; --            ; --          ; eda_simulation    ;
; EDA_SIMULATION_TOOL                  ; ModelSim-Altera (VHDL)                    ; <None>        ; --          ; --                ;
; EDA_TEST_BENCH_ENABLE_STATUS         ; TEST_BENCH_MODE                           ; --            ; --          ; eda_simulation    ;
; EDA_TEST_BENCH_FILE                  ; simulation/modelsim/bpm_clock_vhd_tst.vhd ; --            ; --          ; bpm_clock_vhd_tst ;
; EDA_TEST_BENCH_MODULE_NAME           ; bpm_clock_vhd_tst                         ; --            ; --          ; bpm_clock_vhd_tst ;
; EDA_TEST_BENCH_NAME                  ; bpm_clock_vhd_tst                         ; --            ; --          ; eda_simulation    ;
; EDA_TEST_BENCH_RUN_SIM_FOR           ; 2 s                                       ; --            ; --          ; bpm_clock_vhd_tst ;
; FITTER_EFFORT                        ; Fast Fit                                  ; Auto Fit      ; --          ; --                ;
; IP_TOOL_NAME                         ; ALTPLL                                    ; --            ; --          ; --                ;
; IP_TOOL_NAME                         ; ROM: 1-PORT                               ; --            ; --          ; --                ;
; IP_TOOL_NAME                         ; ROM: 1-PORT                               ; --            ; --          ; --                ;
; IP_TOOL_NAME                         ; LPM_CONSTANT                              ; --            ; --          ; --                ;
; IP_TOOL_NAME                         ; LPM_CONSTANT                              ; --            ; --          ; --                ;
; IP_TOOL_NAME                         ; LPM_CONSTANT                              ; --            ; --          ; --                ;
; IP_TOOL_NAME                         ; ALTPLL                                    ; --            ; --          ; --                ;
; IP_TOOL_NAME                         ; LPM_CONSTANT                              ; --            ; --          ; --                ;
; IP_TOOL_NAME                         ; ROM: 1-PORT                               ; --            ; --          ; --                ;
; IP_TOOL_NAME                         ; LPM_CONSTANT                              ; --            ; --          ; --                ;
; IP_TOOL_NAME                         ; LPM_CONSTANT                              ; --            ; --          ; --                ;
; IP_TOOL_NAME                         ; LPM_CONSTANT                              ; --            ; --          ; --                ;
; IP_TOOL_VERSION                      ; 13.0                                      ; --            ; --          ; --                ;
; IP_TOOL_VERSION                      ; 13.0                                      ; --            ; --          ; --                ;
; IP_TOOL_VERSION                      ; 13.0                                      ; --            ; --          ; --                ;
; IP_TOOL_VERSION                      ; 13.0                                      ; --            ; --          ; --                ;
; IP_TOOL_VERSION                      ; 13.0                                      ; --            ; --          ; --                ;
; IP_TOOL_VERSION                      ; 13.0                                      ; --            ; --          ; --                ;
; IP_TOOL_VERSION                      ; 13.0                                      ; --            ; --          ; --                ;
; IP_TOOL_VERSION                      ; 13.0                                      ; --            ; --          ; --                ;
; IP_TOOL_VERSION                      ; 13.0                                      ; --            ; --          ; --                ;
; IP_TOOL_VERSION                      ; 13.0                                      ; --            ; --          ; --                ;
; IP_TOOL_VERSION                      ; 13.0                                      ; --            ; --          ; --                ;
; IP_TOOL_VERSION                      ; 13.0                                      ; --            ; --          ; --                ;
; MAX_CORE_JUNCTION_TEMP               ; 85                                        ; --            ; --          ; --                ;
; MIN_CORE_JUNCTION_TEMP               ; 0                                         ; --            ; --          ; --                ;
; MISC_FILE                            ; pll.bsf                                   ; --            ; --          ; --                ;
; MISC_FILE                            ; pll_inst.vhd                              ; --            ; --          ; --                ;
; MISC_FILE                            ; pll.inc                                   ; --            ; --          ; --                ;
; MISC_FILE                            ; pll.cmp                                   ; --            ; --          ; --                ;
; MISC_FILE                            ; pll.ppf                                   ; --            ; --          ; --                ;
; MISC_FILE                            ; sample_roms/kick.cmp                      ; --            ; --          ; --                ;
; MISC_FILE                            ; sample_roms/hh.cmp                        ; --            ; --          ; --                ;
; MISC_FILE                            ; bpm.bsf                                   ; --            ; --          ; --                ;
; MISC_FILE                            ; bpm.cmp                                   ; --            ; --          ; --                ;
; MISC_FILE                            ; clock_speed.bsf                           ; --            ; --          ; --                ;
; MISC_FILE                            ; clock_speed.cmp                           ; --            ; --          ; --                ;
; MISC_FILE                            ; basic_sequence.bsf                        ; --            ; --          ; --                ;
; MISC_FILE                            ; basic_sequence.cmp                        ; --            ; --          ; --                ;
; MISC_FILE                            ; twentyfour_mhz_clock.bsf                  ; --            ; --          ; --                ;
; MISC_FILE                            ; twentyfour_mhz_clock.cmp                  ; --            ; --          ; --                ;
; MISC_FILE                            ; twentyfour_mhz_clock.ppf                  ; --            ; --          ; --                ;
; MISC_FILE                            ; basic_sequence_off.bsf                    ; --            ; --          ; --                ;
; MISC_FILE                            ; basic_sequence_off.cmp                    ; --            ; --          ; --                ;
; MISC_FILE                            ; sample_roms/clap.cmp                      ; --            ; --          ; --                ;
; MISC_FILE                            ; seq_clap.bsf                              ; --            ; --          ; --                ;
; MISC_FILE                            ; seq_clap.cmp                              ; --            ; --          ; --                ;
; MISC_FILE                            ; dac_frequency.bsf                         ; --            ; --          ; --                ;
; MISC_FILE                            ; dac_frequency.cmp                         ; --            ; --          ; --                ;
; MISC_FILE                            ; osc_freq.bsf                              ; --            ; --          ; --                ;
; MISC_FILE                            ; osc_freq.cmp                              ; --            ; --          ; --                ;
; PARTITION_COLOR                      ; 16764057                                  ; --            ; main_small  ; Top               ;
; PARTITION_FITTER_PRESERVATION_LEVEL  ; PLACEMENT_AND_ROUTING                     ; --            ; main_small  ; Top               ;
; PARTITION_NETLIST_TYPE               ; SOURCE                                    ; --            ; main_small  ; Top               ;
; POWER_BOARD_THERMAL_MODEL            ; None (CONSERVATIVE)                       ; --            ; --          ; --                ;
; POWER_PRESET_COOLING_SOLUTION        ; 23 MM HEAT SINK WITH 200 LFPM AIRFLOW     ; --            ; --          ; --                ;
; PROJECT_OUTPUT_DIRECTORY             ; output_files                              ; --            ; --          ; --                ;
; TOP_LEVEL_ENTITY                     ; main_small                                ; drum_machine  ; --          ; --                ;
+--------------------------------------+-------------------------------------------+---------------+-------------+-------------------+


+-------------------------------------------------------------------------------------------------------------------------------+
; Flow Elapsed Time                                                                                                             ;
+---------------------------+--------------+-------------------------+---------------------+------------------------------------+
; Module Name               ; Elapsed Time ; Average Processors Used ; Peak Virtual Memory ; Total CPU Time (on all processors) ;
+---------------------------+--------------+-------------------------+---------------------+------------------------------------+
; Analysis & Synthesis      ; 00:00:03     ; 1.0                     ; 526 MB              ; 00:00:03                           ;
; Fitter                    ; 00:00:07     ; 1.0                     ; 1086 MB             ; 00:00:08                           ;
; Assembler                 ; 00:00:02     ; 1.0                     ; 428 MB              ; 00:00:02                           ;
; TimeQuest Timing Analyzer ; 00:00:01     ; 1.0                     ; 457 MB              ; 00:00:01                           ;
; EDA Netlist Writer        ; 00:00:01     ; 1.0                     ; 401 MB              ; 00:00:01                           ;
; Total                     ; 00:00:14     ; --                      ; --                  ; 00:00:15                           ;
+---------------------------+--------------+-------------------------+---------------------+------------------------------------+


+----------------------------------------------------------------------------------------+
; Flow OS Summary                                                                        ;
+---------------------------+------------------+-----------+------------+----------------+
; Module Name               ; Machine Hostname ; OS Name   ; OS Version ; Processor type ;
+---------------------------+------------------+-----------+------------+----------------+
; Analysis & Synthesis      ; CI53213          ; Windows 7 ; 6.1        ; x86_64         ;
; Fitter                    ; CI53213          ; Windows 7 ; 6.1        ; x86_64         ;
; Assembler                 ; CI53213          ; Windows 7 ; 6.1        ; x86_64         ;
; TimeQuest Timing Analyzer ; CI53213          ; Windows 7 ; 6.1        ; x86_64         ;
; EDA Netlist Writer        ; CI53213          ; Windows 7 ; 6.1        ; x86_64         ;
+---------------------------+------------------+-----------+------------+----------------+


------------
; Flow Log ;
------------
quartus_map --read_settings_files=on --write_settings_files=off drum_machine -c drum_machine
quartus_fit --read_settings_files=off --write_settings_files=off drum_machine -c drum_machine
quartus_asm --read_settings_files=off --write_settings_files=off drum_machine -c drum_machine
quartus_sta drum_machine -c drum_machine
quartus_eda --read_settings_files=off --write_settings_files=off drum_machine -c drum_machine



