Flow report for VGA_NIOS
Mon Nov 13 18:53:53 2017
Quartus II 64-Bit Version 13.0.0 Build 156 04/24/2013 SJ Full Version


---------------------
; Table of Contents ;
---------------------
  1. Legal Notice
  2. Flow Summary
  3. Flow Settings
  4. Flow Non-Default Global Settings
  5. Flow Elapsed Time
  6. Flow OS Summary
  7. Flow Log
  8. Flow Messages
  9. Flow Suppressed Messages



----------------
; Legal Notice ;
----------------
Copyright (C) 1991-2013 Altera Corporation
Your use of Altera Corporation's design tools, logic functions 
and other software and tools, and its AMPP partner logic 
functions, and any output files from any of the foregoing 
(including device programming or simulation files), and any 
associated documentation or information are expressly subject 
to the terms and conditions of the Altera Program License 
Subscription Agreement, Altera MegaCore Function License 
Agreement, or other applicable license agreement, including, 
without limitation, that your use is for the sole purpose of 
programming logic devices manufactured by Altera and sold by 
Altera or its authorized distributors.  Please refer to the 
applicable agreement for further details.



+----------------------------------------------------------------------------------+
; Flow Summary                                                                     ;
+------------------------------------+---------------------------------------------+
; Flow Status                        ; Successful - Mon Nov 13 18:53:49 2017       ;
; Quartus II 64-Bit Version          ; 13.0.0 Build 156 04/24/2013 SJ Full Version ;
; Revision Name                      ; VGA_NIOS                                    ;
; Top-level Entity Name              ; main                                        ;
; Family                             ; Cyclone II                                  ;
; Device                             ; EP2C35F672C6                                ;
; Timing Models                      ; Final                                       ;
; Total logic elements               ; 6,240 / 33,216 ( 19 % )                     ;
;     Total combinational functions  ; 5,622 / 33,216 ( 17 % )                     ;
;     Dedicated logic registers      ; 3,639 / 33,216 ( 11 % )                     ;
; Total registers                    ; 3639                                        ;
; Total pins                         ; 100 / 475 ( 21 % )                          ;
; Total virtual pins                 ; 0                                           ;
; Total memory bits                  ; 330,366 / 483,840 ( 68 % )                  ;
; Embedded Multiplier 9-bit elements ; 4 / 70 ( 6 % )                              ;
; Total PLLs                         ; 2 / 4 ( 50 % )                              ;
+------------------------------------+---------------------------------------------+


+-----------------------------------------+
; Flow Settings                           ;
+-------------------+---------------------+
; Option            ; Setting             ;
+-------------------+---------------------+
; Start date & time ; 11/13/2017 18:52:50 ;
; Main task         ; Compilation         ;
; Revision Name     ; VGA_NIOS            ;
+-------------------+---------------------+


+--------------------------------------------------------------------------------------------------------------------------------------------------------------------+
; Flow Non-Default Global Settings                                                                                                                                   ;
+-------------------------------------+-----------------------------------------------------------+---------------+---------------------------------+----------------+
; Assignment Name                     ; Value                                                     ; Default Value ; Entity Name                     ; Section Id     ;
+-------------------------------------+-----------------------------------------------------------+---------------+---------------------------------+----------------+
; COMPILER_SIGNATURE_ID               ; 176831338887192.151059557006112                           ; --            ; --                              ; --             ;
; EDA_OUTPUT_DATA_FORMAT              ; None                                                      ; --            ; --                              ; eda_simulation ;
; IP_TOOL_ENV                         ; Qsys                                                      ; --            ; altera_avalon_sc_fifo           ; --             ;
; IP_TOOL_ENV                         ; Qsys                                                      ; --            ; altera_merlin_burst_adapter     ; --             ;
; IP_TOOL_ENV                         ; Qsys                                                      ; --            ; altera_merlin_master_agent      ; --             ;
; IP_TOOL_ENV                         ; Qsys                                                      ; --            ; altera_merlin_master_translator ; --             ;
; IP_TOOL_ENV                         ; Qsys                                                      ; --            ; altera_merlin_slave_agent       ; --             ;
; IP_TOOL_ENV                         ; Qsys                                                      ; --            ; altera_merlin_slave_translator  ; --             ;
; IP_TOOL_ENV                         ; Qsys                                                      ; --            ; altera_merlin_traffic_limiter   ; --             ;
; IP_TOOL_ENV                         ; Qsys                                                      ; --            ; altera_merlin_width_adapter     ; --             ;
; IP_TOOL_ENV                         ; Qsys                                                      ; --            ; altera_reset_controller         ; --             ;
; IP_TOOL_ENV                         ; Qsys                                                      ; --            ; nios_ii                         ; --             ;
; IP_TOOL_ENV                         ; Qsys                                                      ; --            ; nios_ii_addr_router             ; --             ;
; IP_TOOL_ENV                         ; Qsys                                                      ; --            ; nios_ii_addr_router_001         ; --             ;
; IP_TOOL_ENV                         ; Qsys                                                      ; --            ; nios_ii_cmd_xbar_demux          ; --             ;
; IP_TOOL_ENV                         ; Qsys                                                      ; --            ; nios_ii_cmd_xbar_demux_001      ; --             ;
; IP_TOOL_ENV                         ; Qsys                                                      ; --            ; nios_ii_cmd_xbar_mux            ; --             ;
; IP_TOOL_ENV                         ; Qsys                                                      ; --            ; nios_ii_color_out               ; --             ;
; IP_TOOL_ENV                         ; Qsys                                                      ; --            ; nios_ii_id_router               ; --             ;
; IP_TOOL_ENV                         ; Qsys                                                      ; --            ; nios_ii_id_router_001           ; --             ;
; IP_TOOL_ENV                         ; Qsys                                                      ; --            ; nios_ii_id_router_020           ; --             ;
; IP_TOOL_ENV                         ; Qsys                                                      ; --            ; nios_ii_id_router_021           ; --             ;
; IP_TOOL_ENV                         ; Qsys                                                      ; --            ; nios_ii_in_bus                  ; --             ;
; IP_TOOL_ENV                         ; Qsys                                                      ; --            ; nios_ii_irq_mapper              ; --             ;
; IP_TOOL_ENV                         ; Qsys                                                      ; --            ; nios_ii_jtag_uart_0             ; --             ;
; IP_TOOL_ENV                         ; Qsys                                                      ; --            ; nios_ii_kb_data                 ; --             ;
; IP_TOOL_ENV                         ; Qsys                                                      ; --            ; nios_ii_kb_irq                  ; --             ;
; IP_TOOL_ENV                         ; Qsys                                                      ; --            ; nios_ii_led_r                   ; --             ;
; IP_TOOL_ENV                         ; Qsys                                                      ; --            ; nios_ii_nios2_qsys_0            ; --             ;
; IP_TOOL_ENV                         ; Qsys                                                      ; --            ; nios_ii_rsp_xbar_demux          ; --             ;
; IP_TOOL_ENV                         ; Qsys                                                      ; --            ; nios_ii_rsp_xbar_demux_020      ; --             ;
; IP_TOOL_ENV                         ; Qsys                                                      ; --            ; nios_ii_rsp_xbar_mux            ; --             ;
; IP_TOOL_ENV                         ; Qsys                                                      ; --            ; nios_ii_rsp_xbar_mux_001        ; --             ;
; IP_TOOL_ENV                         ; Qsys                                                      ; --            ; nios_ii_seq_clap                ; --             ;
; IP_TOOL_ENV                         ; Qsys                                                      ; --            ; nios_ii_timer_0                 ; --             ;
; IP_TOOL_ENV                         ; Qsys                                                      ; --            ; nios_ii_wr_address              ; --             ;
; IP_TOOL_ENV                         ; Qsys                                                      ; --            ; nios_ii_wr_en                   ; --             ;
; IP_TOOL_NAME                        ; LPM_CONSTANT                                              ; --            ; --                              ; --             ;
; IP_TOOL_NAME                        ; LPM_CONSTANT                                              ; --            ; --                              ; --             ;
; IP_TOOL_NAME                        ; RAM: 2-PORT                                               ; --            ; --                              ; --             ;
; IP_TOOL_NAME                        ; ALTPLL                                                    ; --            ; --                              ; --             ;
; IP_TOOL_NAME                        ; ALTPLL                                                    ; --            ; --                              ; --             ;
; IP_TOOL_NAME                        ; ALTPLL                                                    ; --            ; --                              ; --             ;
; IP_TOOL_NAME                        ; altera_avalon_sc_fifo                                     ; --            ; altera_avalon_sc_fifo           ; --             ;
; IP_TOOL_NAME                        ; altera_merlin_burst_adapter                               ; --            ; altera_merlin_burst_adapter     ; --             ;
; IP_TOOL_NAME                        ; altera_merlin_master_agent                                ; --            ; altera_merlin_master_agent      ; --             ;
; IP_TOOL_NAME                        ; altera_merlin_master_translator                           ; --            ; altera_merlin_master_translator ; --             ;
; IP_TOOL_NAME                        ; altera_merlin_slave_agent                                 ; --            ; altera_merlin_slave_agent       ; --             ;
; IP_TOOL_NAME                        ; altera_merlin_slave_translator                            ; --            ; altera_merlin_slave_translator  ; --             ;
; IP_TOOL_NAME                        ; altera_merlin_traffic_limiter                             ; --            ; altera_merlin_traffic_limiter   ; --             ;
; IP_TOOL_NAME                        ; altera_merlin_width_adapter                               ; --            ; altera_merlin_width_adapter     ; --             ;
; IP_TOOL_NAME                        ; altera_reset_controller                                   ; --            ; altera_reset_controller         ; --             ;
; IP_TOOL_NAME                        ; Qsys                                                      ; --            ; nios_ii                         ; --             ;
; IP_TOOL_NAME                        ; altera_merlin_router                                      ; --            ; nios_ii_addr_router             ; --             ;
; IP_TOOL_NAME                        ; altera_merlin_router                                      ; --            ; nios_ii_addr_router_001         ; --             ;
; IP_TOOL_NAME                        ; altera_merlin_demultiplexer                               ; --            ; nios_ii_cmd_xbar_demux          ; --             ;
; IP_TOOL_NAME                        ; altera_merlin_demultiplexer                               ; --            ; nios_ii_cmd_xbar_demux_001      ; --             ;
; IP_TOOL_NAME                        ; altera_merlin_multiplexer                                 ; --            ; nios_ii_cmd_xbar_mux            ; --             ;
; IP_TOOL_NAME                        ; altera_avalon_pio                                         ; --            ; nios_ii_color_out               ; --             ;
; IP_TOOL_NAME                        ; altera_merlin_router                                      ; --            ; nios_ii_id_router               ; --             ;
; IP_TOOL_NAME                        ; altera_merlin_router                                      ; --            ; nios_ii_id_router_001           ; --             ;
; IP_TOOL_NAME                        ; altera_merlin_router                                      ; --            ; nios_ii_id_router_020           ; --             ;
; IP_TOOL_NAME                        ; altera_merlin_router                                      ; --            ; nios_ii_id_router_021           ; --             ;
; IP_TOOL_NAME                        ; altera_avalon_pio                                         ; --            ; nios_ii_in_bus                  ; --             ;
; IP_TOOL_NAME                        ; altera_irq_mapper                                         ; --            ; nios_ii_irq_mapper              ; --             ;
; IP_TOOL_NAME                        ; altera_avalon_jtag_uart                                   ; --            ; nios_ii_jtag_uart_0             ; --             ;
; IP_TOOL_NAME                        ; altera_avalon_pio                                         ; --            ; nios_ii_kb_data                 ; --             ;
; IP_TOOL_NAME                        ; altera_avalon_pio                                         ; --            ; nios_ii_kb_irq                  ; --             ;
; IP_TOOL_NAME                        ; altera_avalon_pio                                         ; --            ; nios_ii_led_r                   ; --             ;
; IP_TOOL_NAME                        ; altera_nios2_qsys                                         ; --            ; nios_ii_nios2_qsys_0            ; --             ;
; IP_TOOL_NAME                        ; altera_merlin_demultiplexer                               ; --            ; nios_ii_rsp_xbar_demux          ; --             ;
; IP_TOOL_NAME                        ; altera_merlin_demultiplexer                               ; --            ; nios_ii_rsp_xbar_demux_020      ; --             ;
; IP_TOOL_NAME                        ; altera_merlin_multiplexer                                 ; --            ; nios_ii_rsp_xbar_mux            ; --             ;
; IP_TOOL_NAME                        ; altera_merlin_multiplexer                                 ; --            ; nios_ii_rsp_xbar_mux_001        ; --             ;
; IP_TOOL_NAME                        ; altera_avalon_pio                                         ; --            ; nios_ii_seq_clap                ; --             ;
; IP_TOOL_NAME                        ; altera_avalon_timer                                       ; --            ; nios_ii_timer_0                 ; --             ;
; IP_TOOL_NAME                        ; altera_avalon_pio                                         ; --            ; nios_ii_wr_address              ; --             ;
; IP_TOOL_NAME                        ; altera_avalon_pio                                         ; --            ; nios_ii_wr_en                   ; --             ;
; IP_TOOL_VERSION                     ; 13.0                                                      ; --            ; --                              ; --             ;
; IP_TOOL_VERSION                     ; 13.0                                                      ; --            ; --                              ; --             ;
; IP_TOOL_VERSION                     ; 13.0                                                      ; --            ; --                              ; --             ;
; IP_TOOL_VERSION                     ; 13.0                                                      ; --            ; --                              ; --             ;
; IP_TOOL_VERSION                     ; 13.0                                                      ; --            ; --                              ; --             ;
; IP_TOOL_VERSION                     ; 13.0                                                      ; --            ; --                              ; --             ;
; IP_TOOL_VERSION                     ; 13.0                                                      ; --            ; altera_avalon_sc_fifo           ; --             ;
; IP_TOOL_VERSION                     ; 13.0                                                      ; --            ; altera_merlin_burst_adapter     ; --             ;
; IP_TOOL_VERSION                     ; 13.0                                                      ; --            ; altera_merlin_master_agent      ; --             ;
; IP_TOOL_VERSION                     ; 13.0                                                      ; --            ; altera_merlin_master_translator ; --             ;
; IP_TOOL_VERSION                     ; 13.0                                                      ; --            ; altera_merlin_slave_agent       ; --             ;
; IP_TOOL_VERSION                     ; 13.0                                                      ; --            ; altera_merlin_slave_translator  ; --             ;
; IP_TOOL_VERSION                     ; 13.0                                                      ; --            ; altera_merlin_traffic_limiter   ; --             ;
; IP_TOOL_VERSION                     ; 13.0                                                      ; --            ; altera_merlin_width_adapter     ; --             ;
; IP_TOOL_VERSION                     ; 13.0                                                      ; --            ; altera_reset_controller         ; --             ;
; IP_TOOL_VERSION                     ; 13.0                                                      ; --            ; nios_ii                         ; --             ;
; IP_TOOL_VERSION                     ; 13.0                                                      ; --            ; nios_ii_addr_router             ; --             ;
; IP_TOOL_VERSION                     ; 13.0                                                      ; --            ; nios_ii_addr_router_001         ; --             ;
; IP_TOOL_VERSION                     ; 13.0                                                      ; --            ; nios_ii_cmd_xbar_demux          ; --             ;
; IP_TOOL_VERSION                     ; 13.0                                                      ; --            ; nios_ii_cmd_xbar_demux_001      ; --             ;
; IP_TOOL_VERSION                     ; 13.0                                                      ; --            ; nios_ii_cmd_xbar_mux            ; --             ;
; IP_TOOL_VERSION                     ; 13.0.1                                                    ; --            ; nios_ii_color_out               ; --             ;
; IP_TOOL_VERSION                     ; 13.0                                                      ; --            ; nios_ii_id_router               ; --             ;
; IP_TOOL_VERSION                     ; 13.0                                                      ; --            ; nios_ii_id_router_001           ; --             ;
; IP_TOOL_VERSION                     ; 13.0                                                      ; --            ; nios_ii_id_router_020           ; --             ;
; IP_TOOL_VERSION                     ; 13.0                                                      ; --            ; nios_ii_id_router_021           ; --             ;
; IP_TOOL_VERSION                     ; 13.0.1                                                    ; --            ; nios_ii_in_bus                  ; --             ;
; IP_TOOL_VERSION                     ; 13.0                                                      ; --            ; nios_ii_irq_mapper              ; --             ;
; IP_TOOL_VERSION                     ; 13.0.1                                                    ; --            ; nios_ii_jtag_uart_0             ; --             ;
; IP_TOOL_VERSION                     ; 13.0.1                                                    ; --            ; nios_ii_kb_data                 ; --             ;
; IP_TOOL_VERSION                     ; 13.0.1                                                    ; --            ; nios_ii_kb_irq                  ; --             ;
; IP_TOOL_VERSION                     ; 13.0.1                                                    ; --            ; nios_ii_led_r                   ; --             ;
; IP_TOOL_VERSION                     ; 13.0                                                      ; --            ; nios_ii_nios2_qsys_0            ; --             ;
; IP_TOOL_VERSION                     ; 13.0                                                      ; --            ; nios_ii_rsp_xbar_demux          ; --             ;
; IP_TOOL_VERSION                     ; 13.0                                                      ; --            ; nios_ii_rsp_xbar_demux_020      ; --             ;
; IP_TOOL_VERSION                     ; 13.0                                                      ; --            ; nios_ii_rsp_xbar_mux            ; --             ;
; IP_TOOL_VERSION                     ; 13.0                                                      ; --            ; nios_ii_rsp_xbar_mux_001        ; --             ;
; IP_TOOL_VERSION                     ; 13.0.1                                                    ; --            ; nios_ii_seq_clap                ; --             ;
; IP_TOOL_VERSION                     ; 13.0.1                                                    ; --            ; nios_ii_timer_0                 ; --             ;
; IP_TOOL_VERSION                     ; 13.0.1                                                    ; --            ; nios_ii_wr_address              ; --             ;
; IP_TOOL_VERSION                     ; 13.0.1                                                    ; --            ; nios_ii_wr_en                   ; --             ;
; MAX_CORE_JUNCTION_TEMP              ; 85                                                        ; --            ; --                              ; --             ;
; MIN_CORE_JUNCTION_TEMP              ; 0                                                         ; --            ; --                              ; --             ;
; MISC_FILE                           ; clock_speed.bsf                                           ; --            ; --                              ; --             ;
; MISC_FILE                           ; clock_speed.cmp                                           ; --            ; --                              ; --             ;
; MISC_FILE                           ; bpm.bsf                                                   ; --            ; --                              ; --             ;
; MISC_FILE                           ; bpm.cmp                                                   ; --            ; --                              ; --             ;
; MISC_FILE                           ; NIOS_compiled/synthesis/../../nios_ii.cmp                 ; --            ; --                              ; --             ;
; MISC_FILE                           ; NIOS_compiled/synthesis/../../nios_ii.qsys                ; --            ; --                              ; --             ;
; MISC_FILE                           ; double_ram.bsf                                            ; --            ; --                              ; --             ;
; MISC_FILE                           ; double_ram.cmp                                            ; --            ; --                              ; --             ;
; MISC_FILE                           ; pll_25.bsf                                                ; --            ; --                              ; --             ;
; MISC_FILE                           ; pll_25.cmp                                                ; --            ; --                              ; --             ;
; MISC_FILE                           ; pll_25.ppf                                                ; --            ; --                              ; --             ;
; MISC_FILE                           ; pll_100.bsf                                               ; --            ; --                              ; --             ;
; MISC_FILE                           ; pll_100.cmp                                               ; --            ; --                              ; --             ;
; MISC_FILE                           ; pll_100.ppf                                               ; --            ; --                              ; --             ;
; MISC_FILE                           ; pll_27.bsf                                                ; --            ; --                              ; --             ;
; MISC_FILE                           ; pll_27.cmp                                                ; --            ; --                              ; --             ;
; MISC_FILE                           ; pll_27.ppf                                                ; --            ; --                              ; --             ;
; PARTITION_COLOR                     ; 16764057                                                  ; --            ; main                            ; Top            ;
; PARTITION_FITTER_PRESERVATION_LEVEL ; PLACEMENT_AND_ROUTING                                     ; --            ; main                            ; Top            ;
; PARTITION_NETLIST_TYPE              ; SOURCE                                                    ; --            ; main                            ; Top            ;
; POWER_BOARD_THERMAL_MODEL           ; None (CONSERVATIVE)                                       ; --            ; --                              ; --             ;
; POWER_PRESET_COOLING_SOLUTION       ; 23 MM HEAT SINK WITH 200 LFPM AIRFLOW                     ; --            ; --                              ; --             ;
; PROJECT_OUTPUT_DIRECTORY            ; output_files                                              ; --            ; --                              ; --             ;
; SLD_INFO                            ; QSYS_NAME nios_ii HAS_SOPCINFO 1 GENERATION_ID 1510586243 ; --            ; nios_ii                         ; --             ;
; SOPCINFO_FILE                       ; NIOS_compiled/synthesis/../../nios_ii.sopcinfo            ; --            ; --                              ; --             ;
; SYNTHESIS_ONLY_QIP                  ; On                                                        ; --            ; --                              ; --             ;
; TOP_LEVEL_ENTITY                    ; main                                                      ; VGA_NIOS      ; --                              ; --             ;
+-------------------------------------+-----------------------------------------------------------+---------------+---------------------------------+----------------+


+-------------------------------------------------------------------------------------------------------------------------------+
; Flow Elapsed Time                                                                                                             ;
+---------------------------+--------------+-------------------------+---------------------+------------------------------------+
; Module Name               ; Elapsed Time ; Average Processors Used ; Peak Virtual Memory ; Total CPU Time (on all processors) ;
+---------------------------+--------------+-------------------------+---------------------+------------------------------------+
; Analysis & Synthesis      ; 00:00:29     ; 1.0                     ; 740 MB              ; 00:00:28                           ;
; Fitter                    ; 00:00:23     ; 1.3                     ; 1160 MB             ; 00:00:29                           ;
; Assembler                 ; 00:00:02     ; 1.0                     ; 470 MB              ; 00:00:02                           ;
; TimeQuest Timing Analyzer ; 00:00:03     ; 1.0                     ; 540 MB              ; 00:00:02                           ;
; Total                     ; 00:00:57     ; --                      ; --                  ; 00:01:01                           ;
+---------------------------+--------------+-------------------------+---------------------+------------------------------------+


+----------------------------------------------------------------------------------------+
; Flow OS Summary                                                                        ;
+---------------------------+------------------+-----------+------------+----------------+
; Module Name               ; Machine Hostname ; OS Name   ; OS Version ; Processor type ;
+---------------------------+------------------+-----------+------------+----------------+
; Analysis & Synthesis      ; CI53212          ; Windows 7 ; 6.1        ; x86_64         ;
; Fitter                    ; CI53212          ; Windows 7 ; 6.1        ; x86_64         ;
; Assembler                 ; CI53212          ; Windows 7 ; 6.1        ; x86_64         ;
; TimeQuest Timing Analyzer ; CI53212          ; Windows 7 ; 6.1        ; x86_64         ;
+---------------------------+------------------+-----------+------------+----------------+


------------
; Flow Log ;
------------
quartus_map --read_settings_files=on --write_settings_files=off VGA_NIOS -c VGA_NIOS
quartus_fit --read_settings_files=off --write_settings_files=off VGA_NIOS -c VGA_NIOS
quartus_asm --read_settings_files=off --write_settings_files=off VGA_NIOS -c VGA_NIOS
quartus_sta VGA_NIOS -c VGA_NIOS



