Info: Starting: Create block symbol file (.bsf)
Info: ip-generate --project-directory=D:/dervieux/Projet_VGA_NIOS/ --output-directory=D:/dervieux/Projet_VGA_NIOS/NIOS_compiled/ --report-file=bsf:D:/dervieux/Projet_VGA_NIOS/nios_ii.bsf --system-info=DEVICE_FAMILY="Cyclone II" --system-info=DEVICE=EP2C35F672C6 --system-info=DEVICE_SPEEDGRADE=6 --component-file=D:/dervieux/Projet_VGA_NIOS/nios_ii.qsys
Progress: Loading Projet_VGA_NIOS/nios_ii.qsys
Progress: Reading input file
Progress: Adding clk_0 [clock_source 13.0]
Progress: Parameterizing module clk_0
Progress: Adding SRAM_DE2_0 [SRAM_DE2 1.0]
Progress: Parameterizing module SRAM_DE2_0
Progress: Adding nios2_qsys_0 [altera_nios2_qsys 13.0]
Progress: Parameterizing module nios2_qsys_0
Progress: Adding ps2_0 [altera_up_avalon_ps2 13.0]
Progress: Parameterizing module ps2_0
Progress: Adding in_bus [altera_avalon_pio 13.0.1]
Progress: Parameterizing module in_bus
Progress: Adding wr_en [altera_avalon_pio 13.0.1]
Progress: Parameterizing module wr_en
Progress: Adding color_out [altera_avalon_pio 13.0.1]
Progress: Parameterizing module color_out
Progress: Adding wr_address [altera_avalon_pio 13.0.1]
Progress: Parameterizing module wr_address
Progress: Adding music_sheet [altera_avalon_pio 13.0.1]
Progress: Parameterizing module music_sheet
Progress: Adding instrument [altera_avalon_pio 13.0.1]
Progress: Parameterizing module instrument
Progress: Building connections
Progress: Parameterizing connections
Progress: Validating
Progress: Done reading input file
Info: nios_ii.in_bus: PIO inputs are not hardwired in test bench. Undefined values will be read from PIO inputs during simulation.
Info: ip-generate succeeded.
Info: Finished: Create block symbol file (.bsf)
Info: 
Info: Starting: Create HDL design files for synthesis
Info: ip-generate --project-directory=D:/dervieux/Projet_VGA_NIOS/ --output-directory=D:/dervieux/Projet_VGA_NIOS/NIOS_compiled/synthesis/ --file-set=QUARTUS_SYNTH --report-file=sopcinfo:D:/dervieux/Projet_VGA_NIOS/nios_ii.sopcinfo --report-file=html:D:/dervieux/Projet_VGA_NIOS/nios_ii.html --report-file=qip:D:/dervieux/Projet_VGA_NIOS/NIOS_compiled/synthesis/nios_ii.qip --report-file=cmp:D:/dervieux/Projet_VGA_NIOS/nios_ii.cmp --system-info=DEVICE_FAMILY="Cyclone II" --system-info=DEVICE=EP2C35F672C6 --system-info=DEVICE_SPEEDGRADE=6 --component-file=D:/dervieux/Projet_VGA_NIOS/nios_ii.qsys --language=VHDL
Progress: Loading Projet_VGA_NIOS/nios_ii.qsys
Progress: Reading input file
Progress: Adding clk_0 [clock_source 13.0]
Progress: Parameterizing module clk_0
Progress: Adding SRAM_DE2_0 [SRAM_DE2 1.0]
Progress: Parameterizing module SRAM_DE2_0
Progress: Adding nios2_qsys_0 [altera_nios2_qsys 13.0]
Progress: Parameterizing module nios2_qsys_0
Progress: Adding ps2_0 [altera_up_avalon_ps2 13.0]
Progress: Parameterizing module ps2_0
Progress: Adding in_bus [altera_avalon_pio 13.0.1]
Progress: Parameterizing module in_bus
Progress: Adding wr_en [altera_avalon_pio 13.0.1]
Progress: Parameterizing module wr_en
Progress: Adding color_out [altera_avalon_pio 13.0.1]
Progress: Parameterizing module color_out
Progress: Adding wr_address [altera_avalon_pio 13.0.1]
Progress: Parameterizing module wr_address
Progress: Adding music_sheet [altera_avalon_pio 13.0.1]
Progress: Parameterizing module music_sheet
Progress: Adding instrument [altera_avalon_pio 13.0.1]
Progress: Parameterizing module instrument
Progress: Building connections
Progress: Parameterizing connections
Progress: Validating
Progress: Done reading input file
Info: nios_ii.in_bus: PIO inputs are not hardwired in test bench. Undefined values will be read from PIO inputs during simulation.
Info: nios_ii: Generating nios_ii "nios_ii" for QUARTUS_SYNTH
Info: pipeline_bridge_swap_transform: After transform: 10 modules, 46 connections
Info: No custom instruction connections, skipping transform 
Info: merlin_translator_transform: After transform: 21 modules, 90 connections
Info: merlin_domain_transform: After transform: 42 modules, 225 connections
Info: merlin_router_transform: After transform: 53 modules, 269 connections
Info: merlin_traffic_limiter_transform: After transform: 55 modules, 279 connections
Info: merlin_burst_transform: After transform: 56 modules, 283 connections
Info: reset_adaptation_transform: After transform: 57 modules, 221 connections
Info: merlin_network_to_switch_transform: After transform: 78 modules, 279 connections
Info: merlin_width_transform: After transform: 80 modules, 285 connections
Info: limiter_update_transform: After transform: 80 modules, 287 connections
Info: merlin_mm_transform: After transform: 80 modules, 287 connections
Info: merlin_interrupt_mapper_transform: After transform: 81 modules, 290 connections
Info: SRAM_DE2_0: "nios_ii" instantiated SRAM_DE2 "SRAM_DE2_0"
Info: nios2_qsys_0: Starting RTL generation for module 'nios_ii_nios2_qsys_0'
Info: nios2_qsys_0:   Generation command is [exec C:/altera/13.0/quartus/../ip/altera/nios2_ip/altera_nios2/eperl.exe -I C:/altera/13.0/quartus/common/ip/altera/common/perl/5.8.3 -I C:/altera/13.0/quartus/sopc_builder/bin/europa -I C:/altera/13.0/quartus/sopc_builder/bin/perl_lib -I C:/altera/13.0/quartus/sopc_builder/bin -I C:/altera/13.0/quartus/../ip/altera/nios2_ip/altera_nios2/cpu_lib -I C:/altera/13.0/quartus/../ip/altera/nios2_ip/altera_nios2/nios_lib -I C:/altera/13.0/quartus/../ip/altera/nios2_ip/altera_nios2 -I C:/altera/13.0/quartus/../ip/altera/nios2_ip/altera_nios2 -- C:/altera/13.0/quartus/../ip/altera/nios2_ip/altera_nios2/generate_rtl.epl --name=nios_ii_nios2_qsys_0 --dir=C:/Users/dervieux_emm/AppData/Local/Temp/alt7463_2577805545645436446.dir/0002_nios2_qsys_0_gen/ --quartus_dir=C:/altera/13.0/quartus --verilog --config=C:/Users/dervieux_emm/AppData/Local/Temp/alt7463_2577805545645436446.dir/0002_nios2_qsys_0_gen//nios_ii_nios2_qsys_0_processor_configuration.pl  --do_build_sim=0    --bogus  ]
Info: nios2_qsys_0: # 2017.10.24 15:24:23 (*) Starting Nios II generation
Info: nios2_qsys_0: # 2017.10.24 15:24:23 (*)   Checking for plaintext license.
Info: nios2_qsys_0: # 2017.10.24 15:24:24 (*)   Plaintext license not found.
Info: nios2_qsys_0: # 2017.10.24 15:24:24 (*)   Checking for encrypted license (non-evaluation).
Info: nios2_qsys_0: # 2017.10.24 15:24:24 (*)   Encrypted license not found.  Defaulting to OCP evaluation license (produces a time-limited SOF)
Info: nios2_qsys_0: # 2017.10.24 15:24:24 (*)   Elaborating CPU configuration settings
Info: nios2_qsys_0: # 2017.10.24 15:24:24 (*)   Creating all objects for CPU
Info: nios2_qsys_0: # 2017.10.24 15:24:24 (*)     Testbench
Info: nios2_qsys_0: # 2017.10.24 15:24:25 (*)     Instruction decoding
Info: nios2_qsys_0: # 2017.10.24 15:24:25 (*)       Instruction fields
Info: nios2_qsys_0: # 2017.10.24 15:24:25 (*)       Instruction decodes
Info: nios2_qsys_0: # 2017.10.24 15:24:25 (*)       Signals for RTL simulation waveforms
Info: nios2_qsys_0: # 2017.10.24 15:24:25 (*)       Instruction controls
Info: nios2_qsys_0: # 2017.10.24 15:24:25 (*)     Pipeline frontend
Info: nios2_qsys_0: # 2017.10.24 15:24:25 (*)     Pipeline backend
Info: nios2_qsys_0: # 2017.10.24 15:24:27 (*)   Generating RTL from CPU objects
Info: nios2_qsys_0: # 2017.10.24 15:24:29 (*)   Creating encrypted RTL
Info: nios2_qsys_0: # 2017.10.24 15:24:30 (*) Done Nios II generation
Info: nios2_qsys_0: Done RTL generation for module 'nios_ii_nios2_qsys_0'
Info: nios2_qsys_0: "nios_ii" instantiated altera_nios2_qsys "nios2_qsys_0"
Info: ps2_0: Starting Generation of PS2 Controller
Info: ps2_0: "nios_ii" instantiated altera_up_avalon_ps2 "ps2_0"
Info: in_bus: Starting RTL generation for module 'nios_ii_in_bus'
Info: in_bus:   Generation command is [exec C:/altera/13.0/quartus/bin/perl/bin/perl.exe -I C:/altera/13.0/quartus/common/ip/altera/common/perl/5.8.3 -I C:/altera/13.0/quartus/sopc_builder/bin/europa -I C:/altera/13.0/quartus/sopc_builder/bin/perl_lib -I C:/altera/13.0/quartus/sopc_builder/bin -I C:/altera/13.0/quartus/../ip/altera/sopc_builder_ip/common -I C:/altera/13.0/quartus/../ip/altera/sopc_builder_ip/altera_avalon_pio -- C:/altera/13.0/quartus/../ip/altera/sopc_builder_ip/altera_avalon_pio/generate_rtl.pl --name=nios_ii_in_bus --dir=C:/Users/dervieux_emm/AppData/Local/Temp/alt7463_2577805545645436446.dir/0004_in_bus_gen/ --quartus_dir=C:/altera/13.0/quartus --verilog --config=C:/Users/dervieux_emm/AppData/Local/Temp/alt7463_2577805545645436446.dir/0004_in_bus_gen//nios_ii_in_bus_component_configuration.pl  --do_build_sim=0  ]
Info: in_bus: Done RTL generation for module 'nios_ii_in_bus'
Info: in_bus: "nios_ii" instantiated altera_avalon_pio "in_bus"
Info: wr_en: Starting RTL generation for module 'nios_ii_wr_en'
Info: wr_en:   Generation command is [exec C:/altera/13.0/quartus/bin/perl/bin/perl.exe -I C:/altera/13.0/quartus/common/ip/altera/common/perl/5.8.3 -I C:/altera/13.0/quartus/sopc_builder/bin/europa -I C:/altera/13.0/quartus/sopc_builder/bin/perl_lib -I C:/altera/13.0/quartus/sopc_builder/bin -I C:/altera/13.0/quartus/../ip/altera/sopc_builder_ip/common -I C:/altera/13.0/quartus/../ip/altera/sopc_builder_ip/altera_avalon_pio -- C:/altera/13.0/quartus/../ip/altera/sopc_builder_ip/altera_avalon_pio/generate_rtl.pl --name=nios_ii_wr_en --dir=C:/Users/dervieux_emm/AppData/Local/Temp/alt7463_2577805545645436446.dir/0005_wr_en_gen/ --quartus_dir=C:/altera/13.0/quartus --verilog --config=C:/Users/dervieux_emm/AppData/Local/Temp/alt7463_2577805545645436446.dir/0005_wr_en_gen//nios_ii_wr_en_component_configuration.pl  --do_build_sim=0  ]
Info: wr_en: Done RTL generation for module 'nios_ii_wr_en'
Info: wr_en: "nios_ii" instantiated altera_avalon_pio "wr_en"
Info: color_out: Starting RTL generation for module 'nios_ii_color_out'
Info: color_out:   Generation command is [exec C:/altera/13.0/quartus/bin/perl/bin/perl.exe -I C:/altera/13.0/quartus/common/ip/altera/common/perl/5.8.3 -I C:/altera/13.0/quartus/sopc_builder/bin/europa -I C:/altera/13.0/quartus/sopc_builder/bin/perl_lib -I C:/altera/13.0/quartus/sopc_builder/bin -I C:/altera/13.0/quartus/../ip/altera/sopc_builder_ip/common -I C:/altera/13.0/quartus/../ip/altera/sopc_builder_ip/altera_avalon_pio -- C:/altera/13.0/quartus/../ip/altera/sopc_builder_ip/altera_avalon_pio/generate_rtl.pl --name=nios_ii_color_out --dir=C:/Users/dervieux_emm/AppData/Local/Temp/alt7463_2577805545645436446.dir/0006_color_out_gen/ --quartus_dir=C:/altera/13.0/quartus --verilog --config=C:/Users/dervieux_emm/AppData/Local/Temp/alt7463_2577805545645436446.dir/0006_color_out_gen//nios_ii_color_out_component_configuration.pl  --do_build_sim=0  ]
Info: color_out: Done RTL generation for module 'nios_ii_color_out'
Info: color_out: "nios_ii" instantiated altera_avalon_pio "color_out"
Info: wr_address: Starting RTL generation for module 'nios_ii_wr_address'
Info: wr_address:   Generation command is [exec C:/altera/13.0/quartus/bin/perl/bin/perl.exe -I C:/altera/13.0/quartus/common/ip/altera/common/perl/5.8.3 -I C:/altera/13.0/quartus/sopc_builder/bin/europa -I C:/altera/13.0/quartus/sopc_builder/bin/perl_lib -I C:/altera/13.0/quartus/sopc_builder/bin -I C:/altera/13.0/quartus/../ip/altera/sopc_builder_ip/common -I C:/altera/13.0/quartus/../ip/altera/sopc_builder_ip/altera_avalon_pio -- C:/altera/13.0/quartus/../ip/altera/sopc_builder_ip/altera_avalon_pio/generate_rtl.pl --name=nios_ii_wr_address --dir=C:/Users/dervieux_emm/AppData/Local/Temp/alt7463_2577805545645436446.dir/0007_wr_address_gen/ --quartus_dir=C:/altera/13.0/quartus --verilog --config=C:/Users/dervieux_emm/AppData/Local/Temp/alt7463_2577805545645436446.dir/0007_wr_address_gen//nios_ii_wr_address_component_configuration.pl  --do_build_sim=0  ]
Info: wr_address: Done RTL generation for module 'nios_ii_wr_address'
Info: wr_address: "nios_ii" instantiated altera_avalon_pio "wr_address"
Info: instrument: Starting RTL generation for module 'nios_ii_instrument'
Info: instrument:   Generation command is [exec C:/altera/13.0/quartus/bin/perl/bin/perl.exe -I C:/altera/13.0/quartus/common/ip/altera/common/perl/5.8.3 -I C:/altera/13.0/quartus/sopc_builder/bin/europa -I C:/altera/13.0/quartus/sopc_builder/bin/perl_lib -I C:/altera/13.0/quartus/sopc_builder/bin -I C:/altera/13.0/quartus/../ip/altera/sopc_builder_ip/common -I C:/altera/13.0/quartus/../ip/altera/sopc_builder_ip/altera_avalon_pio -- C:/altera/13.0/quartus/../ip/altera/sopc_builder_ip/altera_avalon_pio/generate_rtl.pl --name=nios_ii_instrument --dir=C:/Users/dervieux_emm/AppData/Local/Temp/alt7463_2577805545645436446.dir/0008_instrument_gen/ --quartus_dir=C:/altera/13.0/quartus --verilog --config=C:/Users/dervieux_emm/AppData/Local/Temp/alt7463_2577805545645436446.dir/0008_instrument_gen//nios_ii_instrument_component_configuration.pl  --do_build_sim=0  ]
Info: instrument: Done RTL generation for module 'nios_ii_instrument'
Info: instrument: "nios_ii" instantiated altera_avalon_pio "instrument"
Info: nios2_qsys_0_instruction_master_translator: "nios_ii" instantiated altera_merlin_master_translator "nios2_qsys_0_instruction_master_translator"
Info: nios2_qsys_0_jtag_debug_module_translator: "nios_ii" instantiated altera_merlin_slave_translator "nios2_qsys_0_jtag_debug_module_translator"
Info: nios2_qsys_0_instruction_master_translator_avalon_universal_master_0_agent: "nios_ii" instantiated altera_merlin_master_agent "nios2_qsys_0_instruction_master_translator_avalon_universal_master_0_agent"
Info: nios2_qsys_0_jtag_debug_module_translator_avalon_universal_slave_0_agent: "nios_ii" instantiated altera_merlin_slave_agent "nios2_qsys_0_jtag_debug_module_translator_avalon_universal_slave_0_agent"
Info: nios2_qsys_0_jtag_debug_module_translator_avalon_universal_slave_0_agent_rsp_fifo: "nios_ii" instantiated altera_avalon_sc_fifo "nios2_qsys_0_jtag_debug_module_translator_avalon_universal_slave_0_agent_rsp_fifo"
Info: addr_router: "nios_ii" instantiated altera_merlin_router "addr_router"
Info: id_router: "nios_ii" instantiated altera_merlin_router "id_router"
Info: id_router_001: "nios_ii" instantiated altera_merlin_router "id_router_001"
Info: limiter: "nios_ii" instantiated altera_merlin_traffic_limiter "limiter"
Info: burst_adapter: "nios_ii" instantiated altera_merlin_burst_adapter "burst_adapter"
Info: rst_controller: "nios_ii" instantiated altera_reset_controller "rst_controller"
Info: cmd_xbar_demux: "nios_ii" instantiated altera_merlin_demultiplexer "cmd_xbar_demux"
Info: cmd_xbar_mux: "nios_ii" instantiated altera_merlin_multiplexer "cmd_xbar_mux"
Info: rsp_xbar_demux: "nios_ii" instantiated altera_merlin_demultiplexer "rsp_xbar_demux"
Info: rsp_xbar_mux: "nios_ii" instantiated altera_merlin_multiplexer "rsp_xbar_mux"
Info: Reusing file D:/dervieux/Projet_VGA_NIOS/NIOS_compiled/synthesis/submodules/altera_merlin_arbitrator.sv
Info: width_adapter: "nios_ii" instantiated altera_merlin_width_adapter "width_adapter"
Info: Reusing file D:/dervieux/Projet_VGA_NIOS/NIOS_compiled/synthesis/submodules/altera_merlin_address_alignment.sv
Info: Reusing file D:/dervieux/Projet_VGA_NIOS/NIOS_compiled/synthesis/submodules/altera_merlin_burst_uncompressor.sv
Info: irq_mapper: "nios_ii" instantiated altera_irq_mapper "irq_mapper"
Info: nios_ii: Done nios_ii" with 26 modules, 156 files, 3256981 bytes
Info: ip-generate succeeded.
Info: Finished: Create HDL design files for synthesis
